Build started 11/6/2014 7:01:45 PM.
     1>Project "Z:\IT 356\IT356-master\ScenegraphWithLightsTextures\ScenegraphWithLightsTextures\ScenegraphWithLightsTextures.vcxproj" on node 2 (Build target(s)).
     1>ClCompile:
         C:\Program Files (x86)\Microsoft Visual Studio 11.0\VC\bin\CL.exe /c /I../../../graphics/headers /ZI /nologo /W3 /WX- /Od /Oy- /D WIN32 /D _DEBUG /D _CONSOLE /D _UNICODE /D UNICODE /Gm /EHsc /RTC1 /MDd /GS /fp:precise /Zc:wchar_t /Zc:forScope /Fo"Debug\\" /Fd"Debug\vc110.pdb" /Gd /TP /analyze- /errorReport:prompt Scenegraph.cpp View.cpp
         Scenegraph.cpp
     1>z:\it 356\it356-master\scenegraphwithlightstextures\scenegraphwithlightstextures\scenegraph.h(55): warning C4018: '<' : signed/unsigned mismatch
     1>z:\it 356\it356-master\scenegraphwithlightstextures\scenegraphwithlightstextures\scenegraph.h(58): warning C4018: '<' : signed/unsigned mismatch
     1>z:\it 356\it356-master\scenegraphwithlightstextures\scenegraphwithlightstextures\scenegraph.cpp(101): warning C4018: '<' : signed/unsigned mismatch
     1>z:\it 356\it356-master\scenegraphwithlightstextures\scenegraphwithlightstextures\scenegraph.cpp(136): warning C4018: '<' : signed/unsigned mismatch
         Generating Code...
         Compiling...
         View.cpp
     1>z:\it 356\it356-master\scenegraphwithlightstextures\scenegraphwithlightstextures\scenegraph.h(55): warning C4018: '<' : signed/unsigned mismatch
     1>z:\it 356\it356-master\scenegraphwithlightstextures\scenegraphwithlightstextures\scenegraph.h(58): warning C4018: '<' : signed/unsigned mismatch
     1>z:\it 356\it356-master\scenegraphwithlightstextures\scenegraphwithlightstextures\groupnode.h(33): warning C4018: '<' : signed/unsigned mismatch
     1>z:\it 356\it356-master\scenegraphwithlightstextures\scenegraphwithlightstextures\groupnode.h(40): warning C4018: '<' : signed/unsigned mismatch
     1>z:\it 356\it356-master\scenegraphwithlightstextures\scenegraphwithlightstextures\groupnode.h(58): warning C4018: '<' : signed/unsigned mismatch
     1>z:\it 356\it356-master\scenegraphwithlightstextures\scenegraphwithlightstextures\groupnode.h(76): warning C4018: '<' : signed/unsigned mismatch
     1>z:\it 356\it356-master\scenegraphwithlightstextures\scenegraphwithlightstextures\groupnode.h(86): warning C4018: '<' : signed/unsigned mismatch
     1>z:\it 356\it356-master\scenegraphwithlightstextures\scenegraphwithlightstextures\groupnode.h(106): warning C4018: '<' : signed/unsigned mismatch
     1>z:\it 356\it356-master\scenegraphwithlightstextures\scenegraphwithlightstextures\groupnode.h(119): warning C4018: '<' : signed/unsigned mismatch
     1>z:\it 356\it356-master\scenegraphwithlightstextures\scenegraphwithlightstextures\groupnode.h(127): warning C4018: '<' : signed/unsigned mismatch
     1>z:\it 356\it356-master\scenegraphwithlightstextures\scenegraphwithlightstextures\groupnode.h(159): warning C4018: '<' : signed/unsigned mismatch
     1>z:\it 356\it356-master\scenegraphwithlightstextures\scenegraphwithlightstextures\objimporter.h(251): warning C4244: '=' : conversion from 'double' to 'float', possible loss of data
     1>z:\it 356\it356-master\scenegraphwithlightstextures\scenegraphwithlightstextures\view.cpp(106): warning C4244: 'argument' : conversion from 'double' to 'float', possible loss of data
     1>z:\it 356\it356-master\scenegraphwithlightstextures\scenegraphwithlightstextures\view.cpp(180): warning C4244: '=' : conversion from 'float' to 'int', possible loss of data
     1>z:\it 356\it356-master\scenegraphwithlightstextures\scenegraphwithlightstextures\view.cpp(181): warning C4244: '=' : conversion from 'float' to 'int', possible loss of data
         Generating Code...
       Link:
         C:\Program Files (x86)\Microsoft Visual Studio 11.0\VC\bin\link.exe /ERRORREPORT:PROMPT /OUT:"Z:\IT 356\IT356-master\ScenegraphWithLightsTextures\Debug\ScenegraphWithLightsTextures.exe" /INCREMENTAL /NOLOGO /LIBPATH:../../../graphics/lib/GL /LIBPATH:../../../graphics/lib/SFML "sfml-window-d.lib" "sfml-graphics-d.lib" "sfml-system-d.lib" opengl32.lib glew32.lib glu32.lib kernel32.lib user32.lib gdi32.lib winspool.lib comdlg32.lib advapi32.lib shell32.lib ole32.lib oleaut32.lib uuid.lib odbc32.lib odbccp32.lib kernel32.lib user32.lib gdi32.lib winspool.lib comdlg32.lib advapi32.lib shell32.lib ole32.lib oleaut32.lib uuid.lib odbc32.lib odbccp32.lib /MANIFEST /MANIFESTUAC:"level='asInvoker' uiAccess='false'" /manifest:embed /DEBUG /PDB:"Z:\IT 356\IT356-master\ScenegraphWithLightsTextures\Debug\ScenegraphWithLightsTextures.pdb" /SUBSYSTEM:CONSOLE /TLBID:1 /DYNAMICBASE /NXCOMPAT /IMPLIB:"Z:\IT 356\IT356-master\ScenegraphWithLightsTextures\Debug\ScenegraphWithLightsTextures.lib" /MACHINE:X86 Debug\Light.obj
         Debug\Scenegraph.obj
         Debug\ScenegraphViewer.obj
         Debug\Texture.obj
         Debug\View.obj
         ScenegraphWithLightsTextures.vcxproj -> Z:\IT 356\IT356-master\ScenegraphWithLightsTextures\Debug\ScenegraphWithLightsTextures.exe
     1>Done Building Project "Z:\IT 356\IT356-master\ScenegraphWithLightsTextures\ScenegraphWithLightsTextures\ScenegraphWithLightsTextures.vcxproj" (Build target(s)).

Build succeeded.

Time Elapsed 00:00:16.78
