C:\USERS\BRANDON\DESKTOP\IT356\IT356\SCENEGRAPHWITHLIGHTSTEXTURES\SCENEGRAPHWITHLIGHTSTEXTURES\DEBUG\LIGHT.OBJ
C:\USERS\BRANDON\DESKTOP\IT356\IT356\SCENEGRAPHWITHLIGHTSTEXTURES\SCENEGRAPHWITHLIGHTSTEXTURES\DEBUG\SCENEGRAPH.OBJ
C:\USERS\BRANDON\DESKTOP\IT356\IT356\SCENEGRAPHWITHLIGHTSTEXTURES\SCENEGRAPHWITHLIGHTSTEXTURES\DEBUG\SCENEGRAPHVIEWER.OBJ
C:\USERS\BRANDON\DESKTOP\IT356\IT356\SCENEGRAPHWITHLIGHTSTEXTURES\SCENEGRAPHWITHLIGHTSTEXTURES\DEBUG\TEXTURE.OBJ
C:\USERS\BRANDON\DESKTOP\IT356\IT356\SCENEGRAPHWITHLIGHTSTEXTURES\SCENEGRAPHWITHLIGHTSTEXTURES\DEBUG\VIEW.OBJ
C:\USERS\BRANDON\DESKTOP\IT356\IT356\SCENEGRAPHWITHLIGHTSTEXTURES\SCENEGRAPHWITHLIGHTSTEXTURES\DEBUG\VC110.PDB
C:\USERS\BRANDON\DESKTOP\IT356\IT356\SCENEGRAPHWITHLIGHTSTEXTURES\DEBUG\SCENEGRAPHWITHLIGHTSTEXTURES.ILK
C:\USERS\BRANDON\DESKTOP\IT356\IT356\SCENEGRAPHWITHLIGHTSTEXTURES\DEBUG\SCENEGRAPHWITHLIGHTSTEXTURES.EXE
C:\USERS\BRANDON\DESKTOP\IT356\IT356\SCENEGRAPHWITHLIGHTSTEXTURES\DEBUG\SCENEGRAPHWITHLIGHTSTEXTURES.PDB
C:\Users\brandon\Desktop\IT356\IT356\ScenegraphWithLightsTextures\ScenegraphWithLightsTextures\Debug\Light.obj
C:\Users\brandon\Desktop\IT356\IT356\ScenegraphWithLightsTextures\ScenegraphWithLightsTextures\Debug\Scenegraph.obj
C:\Users\brandon\Desktop\IT356\IT356\ScenegraphWithLightsTextures\ScenegraphWithLightsTextures\Debug\ScenegraphViewer.obj
C:\Users\brandon\Desktop\IT356\IT356\ScenegraphWithLightsTextures\ScenegraphWithLightsTextures\Debug\Texture.obj
C:\Users\brandon\Desktop\IT356\IT356\ScenegraphWithLightsTextures\ScenegraphWithLightsTextures\Debug\View.obj
C:\Users\brandon\Desktop\IT356\IT356\ScenegraphWithLightsTextures\ScenegraphWithLightsTextures\Debug\cl.command.1.tlog
C:\Users\brandon\Desktop\IT356\IT356\ScenegraphWithLightsTextures\ScenegraphWithLightsTextures\Debug\CL.read.1.tlog
C:\Users\brandon\Desktop\IT356\IT356\ScenegraphWithLightsTextures\ScenegraphWithLightsTextures\Debug\CL.write.1.tlog
C:\Users\brandon\Desktop\IT356\IT356\ScenegraphWithLightsTextures\ScenegraphWithLightsTextures\Debug\link-cvtres.read.1.tlog
C:\Users\brandon\Desktop\IT356\IT356\ScenegraphWithLightsTextures\ScenegraphWithLightsTextures\Debug\link-cvtres.write.1.tlog
C:\Users\brandon\Desktop\IT356\IT356\ScenegraphWithLightsTextures\ScenegraphWithLightsTextures\Debug\link-rc.read.1.tlog
C:\Users\brandon\Desktop\IT356\IT356\ScenegraphWithLightsTextures\ScenegraphWithLightsTextures\Debug\link-rc.write.1.tlog
C:\Users\brandon\Desktop\IT356\IT356\ScenegraphWithLightsTextures\ScenegraphWithLightsTextures\Debug\link.command.1.tlog
C:\Users\brandon\Desktop\IT356\IT356\ScenegraphWithLightsTextures\ScenegraphWithLightsTextures\Debug\link.read.1.tlog
C:\Users\brandon\Desktop\IT356\IT356\ScenegraphWithLightsTextures\ScenegraphWithLightsTextures\Debug\link.write.1.tlog
C:\Users\brandon\Desktop\IT356\IT356\ScenegraphWithLightsTextures\ScenegraphWithLightsTextures\Debug\vc110.idb
C:\Users\brandon\Desktop\IT356\IT356\ScenegraphWithLightsTextures\ScenegraphWithLightsTextures\Debug\vc110.pdb
C:\Users\brandon\Desktop\IT356\IT356\ScenegraphWithLightsTextures\Debug\ScenegraphWithLightsTextures.pdb
C:\Users\brandon\Desktop\IT356\IT356\ScenegraphWithLightsTextures\Debug\ScenegraphWithLightsTextures.exe
C:\Users\brandon\Desktop\IT356\IT356\ScenegraphWithLightsTextures\Debug\ScenegraphWithLightsTextures.ilk
